Arguments: 
  /usr/local/bin/node /usr/local/Cellar/yarn/1.3.2/libexec/bin/yarn.js

PATH: 
  /usr/local/bin:/usr/bin:/bin:/usr/sbin:/sbin

Yarn version: 
  1.3.2

Node version: 
  8.9.4

Platform: 
  darwin x64

npm manifest: 
  {
    "name": "Trillo",
    "version": "1.0.0",
    "description": "trillo app",
    "main": "index.js",
    "scripts": {
      "watch:sass": "node-sass sass/main.scss css/style.css -w",
      "devserver": "live-server",
      "start": "npm-run-all --parallel devserver watch:sass",
      
      "compile:sass": "node-sass sass/main.scss css/style.comp.css",
      "prefix:css": "postcss --use autoprefixer -b 'last 10 versions' css/style.comp.css -o css/style.prefix.css",
      "compress:css": "node-sass css/style.prefix.css css/style.css --output-style compressed",
      "build:css": "npm-run-all compile:sass prefix:css compress:css"
    },
    "author": "Jonas",
    "license": "ISC",
    "devDependencies": {
      "autoprefixer": "^7.1.4",
      "concat": "^1.0.3",
      "node-sass": "^4.5.3",
      "npm-run-all": "^4.1.1",
      "postcss-cli": "^4.1.1"
    }
  }

yarn manifest: 
  No manifest

Lockfile: 
  No lockfile

Trace: 
  Error: https://registry.npm.taobao.org/autoprefixer: ETIMEDOUT
      at Timeout._onTimeout (/usr/local/Cellar/yarn/1.3.2/libexec/lib/cli.js:123749:19)
      at ontimeout (timers.js:475:11)
      at tryOnTimeout (timers.js:310:5)
      at Timer.listOnTimeout (timers.js:270:5)
